This is pdfTeX, Version 3.14159265-2.6-1.40.20 (TeX Live 2019) (preloaded format=pdflatex 2019.6.7)  21 AUG 2020 12:50
entering extended mode
 restricted \write18 enabled.
 %&-line parsing enabled.
**masterReport.tex
(./masterReport.tex
LaTeX2e <2018-12-01>
(/usr/local/texlive/2019/texmf-dist/tex/latex/base/article.cls
Document Class: article 2018/09/03 v1.4i Standard LaTeX document class
(/usr/local/texlive/2019/texmf-dist/tex/latex/base/size10.clo
File: size10.clo 2018/09/03 v1.4i Standard LaTeX file (size option)
)
\c@part=\count80
\c@section=\count81
\c@subsection=\count82
\c@subsubsection=\count83
\c@paragraph=\count84
\c@subparagraph=\count85
\c@figure=\count86
\c@table=\count87
\abovecaptionskip=\skip41
\belowcaptionskip=\skip42
\bibindent=\dimen102
)
(/usr/local/texlive/2019/texmf-dist/tex/latex/graphics/graphicx.sty
Package: graphicx 2017/06/01 v1.1a Enhanced LaTeX Graphics (DPC,SPQR)

(/usr/local/texlive/2019/texmf-dist/tex/latex/graphics/keyval.sty
Package: keyval 2014/10/28 v1.15 key=value parser (DPC)
\KV@toks@=\toks14
)
(/usr/local/texlive/2019/texmf-dist/tex/latex/graphics/graphics.sty
Package: graphics 2017/06/25 v1.2c Standard LaTeX Graphics (DPC,SPQR)

(/usr/local/texlive/2019/texmf-dist/tex/latex/graphics/trig.sty
Package: trig 2016/01/03 v1.10 sin cos tan (DPC)
)
(/usr/local/texlive/2019/texmf-dist/tex/latex/graphics-cfg/graphics.cfg
File: graphics.cfg 2016/06/04 v1.11 sample graphics configuration
)
Package graphics Info: Driver file: pdftex.def on input line 99.

(/usr/local/texlive/2019/texmf-dist/tex/latex/graphics-def/pdftex.def
File: pdftex.def 2018/01/08 v1.0l Graphics/color driver for pdftex
))
\Gin@req@height=\dimen103
\Gin@req@width=\dimen104
)
(/usr/local/texlive/2019/texmf-dist/tex/latex/graphics/color.sty
Package: color 2016/07/10 v1.1e Standard LaTeX Color (DPC)

(/usr/local/texlive/2019/texmf-dist/tex/latex/graphics-cfg/color.cfg
File: color.cfg 2016/01/02 v1.6 sample color configuration
)
Package color Info: Driver file: pdftex.def on input line 147.
)
(/usr/local/texlive/2019/texmf-dist/tex/latex/framed/framed.sty
Package: framed 2011/10/22 v 0.96: framed or shaded text with page breaks
\OuterFrameSep=\skip43
\fb@frw=\dimen105
\fb@frh=\dimen106
\FrameRule=\dimen107
\FrameSep=\dimen108
)
(/usr/local/texlive/2019/texmf-dist/tex/latex/base/alltt.sty
Package: alltt 1997/06/16 v2.0g defines alltt environment
)
(/usr/local/texlive/2019/texmf-dist/tex/latex/upquote/upquote.sty
Package: upquote 2012/04/19 v1.3 upright-quote and grave-accent glyphs in verba
tim
)
(./masterReport.aux)
\openout1 = `masterReport.aux'.

LaTeX Font Info:    Checking defaults for OML/cmm/m/it on input line 58.
LaTeX Font Info:    ... okay on input line 58.
LaTeX Font Info:    Checking defaults for T1/cmr/m/n on input line 58.
LaTeX Font Info:    ... okay on input line 58.
LaTeX Font Info:    Checking defaults for OT1/cmr/m/n on input line 58.
LaTeX Font Info:    ... okay on input line 58.
LaTeX Font Info:    Checking defaults for OMS/cmsy/m/n on input line 58.
LaTeX Font Info:    ... okay on input line 58.
LaTeX Font Info:    Checking defaults for OMX/cmex/m/n on input line 58.
LaTeX Font Info:    ... okay on input line 58.
LaTeX Font Info:    Checking defaults for U/cmr/m/n on input line 58.
LaTeX Font Info:    ... okay on input line 58.

(/usr/local/texlive/2019/texmf-dist/tex/context/base/mkii/supp-pdf.mkii
[Loading MPS to PDF converter (version 2006.09.02).]
\scratchcounter=\count88
\scratchdimen=\dimen109
\scratchbox=\box27
\nofMPsegments=\count89
\nofMParguments=\count90
\everyMPshowfont=\toks15
\MPscratchCnt=\count91
\MPscratchDim=\dimen110
\MPnumerator=\count92
\makeMPintoPDFobject=\count93
\everyMPtoPDFconversion=\toks16
) (/usr/local/texlive/2019/texmf-dist/tex/latex/oberdiek/epstopdf-base.sty
Package: epstopdf-base 2016/05/15 v2.6 Base part for package epstopdf

(/usr/local/texlive/2019/texmf-dist/tex/generic/oberdiek/infwarerr.sty
Package: infwarerr 2016/05/16 v1.4 Providing info/warning/error messages (HO)
)
(/usr/local/texlive/2019/texmf-dist/tex/latex/oberdiek/grfext.sty
Package: grfext 2016/05/16 v1.2 Manage graphics extensions (HO)

(/usr/local/texlive/2019/texmf-dist/tex/generic/oberdiek/kvdefinekeys.sty
Package: kvdefinekeys 2016/05/16 v1.4 Define keys (HO)

(/usr/local/texlive/2019/texmf-dist/tex/generic/oberdiek/ltxcmds.sty
Package: ltxcmds 2016/05/16 v1.23 LaTeX kernel commands for general use (HO)
)))
(/usr/local/texlive/2019/texmf-dist/tex/latex/oberdiek/kvoptions.sty
Package: kvoptions 2016/05/16 v3.12 Key value format for package options (HO)

(/usr/local/texlive/2019/texmf-dist/tex/generic/oberdiek/kvsetkeys.sty
Package: kvsetkeys 2016/05/16 v1.17 Key value parser (HO)

(/usr/local/texlive/2019/texmf-dist/tex/generic/oberdiek/etexcmds.sty
Package: etexcmds 2016/05/16 v1.6 Avoid name clashes with e-TeX commands (HO)

(/usr/local/texlive/2019/texmf-dist/tex/generic/oberdiek/ifluatex.sty
Package: ifluatex 2016/05/16 v1.4 Provides the ifluatex switch (HO)
Package ifluatex Info: LuaTeX not detected.
))))
(/usr/local/texlive/2019/texmf-dist/tex/generic/oberdiek/pdftexcmds.sty
Package: pdftexcmds 2018/09/10 v0.29 Utility functions of pdfTeX for LuaTeX (HO
)

(/usr/local/texlive/2019/texmf-dist/tex/generic/oberdiek/ifpdf.sty
Package: ifpdf 2018/09/07 v3.3 Provides the ifpdf switch
)
Package pdftexcmds Info: LuaTeX not detected.
Package pdftexcmds Info: \pdf@primitive is available.
Package pdftexcmds Info: \pdf@ifprimitive is available.
Package pdftexcmds Info: \pdfdraftmode found.
)
Package epstopdf-base Info: Redefining graphics rule for `.eps' on input line 4
38.
Package grfext Info: Graphics extension search list:
(grfext)             [.pdf,.png,.jpg,.mps,.jpeg,.jbig2,.jb2,.PDF,.PNG,.JPG,.JPE
G,.JBIG2,.JB2,.eps]
(grfext)             \AppendGraphicsExtensions on input line 456.

(/usr/local/texlive/2019/texmf-dist/tex/latex/latexconfig/epstopdf-sys.cfg
File: epstopdf-sys.cfg 2010/07/13 v1.3 Configuration of (r)epstopdf for TeX Liv
e
))
Package color Info: Redefining color shadecolor on input line 64.
LaTeX Font Info:    Font shape `OT1/cmtt/bx/n' in size <10> not available
(Font)              Font shape `OT1/cmtt/m/n' tried instead on input line 66.

Overfull \hbox (69.74638pt too wide) in paragraph at lines 107--107
[]  \OT1/cmtt/m/n/10 |                                                         
             |   0%[] 
 []


Overfull \hbox (69.74638pt too wide) in paragraph at lines 107--107
[]  \OT1/cmtt/m/n/10 |..........                                               
             |  14%[] 
 []


Overfull \hbox (69.74638pt too wide) in paragraph at lines 107--107
[]  \OT1/cmtt/m/n/10 |....................                                     
             |  29%[] 
 []


Overfull \hbox (69.74638pt too wide) in paragraph at lines 107--107
[]  \OT1/cmtt/m/n/10 |..............................                           
             |  43%[] 
 []


Overfull \hbox (69.74638pt too wide) in paragraph at lines 107--107
[]  \OT1/cmtt/m/n/10 |........................................                 
             |  57%[] 
 []


Overfull \hbox (69.74638pt too wide) in paragraph at lines 107--107
[]  \OT1/cmtt/m/n/10 |..................................................       
             |  71%[] 
 []


Overfull \hbox (69.74638pt too wide) in paragraph at lines 107--107
[]  \OT1/cmtt/m/n/10 |.........................................................
...          |  86%[] 
 []


Overfull \hbox (69.74638pt too wide) in paragraph at lines 107--107
[]  \OT1/cmtt/m/n/10 |.........................................................
.............| 100%[] 
 []

[1

{/usr/local/texlive/2019/texmf-var/fonts/map/pdftex/updmap/pdftex.map}]
(./year1.tex
Package color Info: Redefining color shadecolor on input line 5.
Package color Info: Redefining color shadecolor on input line 15.
<year1/histogram-1.pdf, id=10, 505.89pt x 505.89pt>
File: year1/histogram-1.pdf Graphic file (type pdf)
<use year1/histogram-1.pdf>
Package pdftex.def Info: year1/histogram-1.pdf  used on input line 20.
(pdftex.def)             Requested size: 345.0pt x 345.00414pt.

Overfull \hbox (15.0pt too wide) in paragraph at lines 20--21
[][] 
 []

[2]
Package color Info: Redefining color shadecolor on input line 25.
) (./year2.tex
Package color Info: Redefining color shadecolor on input line 5.
Package color Info: Redefining color shadecolor on input line 15.
 [3 <./year1/histogram-1.pdf>]
<year2/histogram-1.pdf, id=23, 505.89pt x 505.89pt>
File: year2/histogram-1.pdf Graphic file (type pdf)
<use year2/histogram-1.pdf>
Package pdftex.def Info: year2/histogram-1.pdf  used on input line 20.
(pdftex.def)             Requested size: 345.0pt x 345.00414pt.

Overfull \hbox (15.0pt too wide) in paragraph at lines 20--21
[][] 
 []

Package color Info: Redefining color shadecolor on input line 25.
) (./year3.tex
Package color Info: Redefining color shadecolor on input line 5.
Package color Info: Redefining color shadecolor on input line 15.
 [4 <./year2/histogram-1.pdf>]
<year3/histogram-1.pdf, id=33, 505.89pt x 505.89pt>
File: year3/histogram-1.pdf Graphic file (type pdf)
<use year3/histogram-1.pdf>
Package pdftex.def Info: year3/histogram-1.pdf  used on input line 20.
(pdftex.def)             Requested size: 345.0pt x 345.00414pt.

Overfull \hbox (15.0pt too wide) in paragraph at lines 20--21
[][] 
 []

Package color Info: Redefining color shadecolor on input line 25.
) (./year4.tex
Package color Info: Redefining color shadecolor on input line 5.
 [5 <./year3/histogram-1.pdf>]
Package color Info: Redefining color shadecolor on input line 15.
<year4/histogram-1.pdf, id=43, 505.89pt x 505.89pt>
File: year4/histogram-1.pdf Graphic file (type pdf)
<use year4/histogram-1.pdf>
Package pdftex.def Info: year4/histogram-1.pdf  used on input line 20.
(pdftex.def)             Requested size: 345.0pt x 345.00414pt.

Overfull \hbox (15.0pt too wide) in paragraph at lines 20--21
[][] 
 []

Package color Info: Redefining color shadecolor on input line 25.
) (./year5.tex
Package color Info: Redefining color shadecolor on input line 5.
 [6 <./year4/histogram-1.pdf>]
Package color Info: Redefining color shadecolor on input line 15.
<year5/histogram-1.pdf, id=53, 505.89pt x 505.89pt>
File: year5/histogram-1.pdf Graphic file (type pdf)
<use year5/histogram-1.pdf>
Package pdftex.def Info: year5/histogram-1.pdf  used on input line 20.
(pdftex.def)             Requested size: 345.0pt x 345.00414pt.

Overfull \hbox (15.0pt too wide) in paragraph at lines 20--21
[][] 
 []

Package color Info: Redefining color shadecolor on input line 25.
) [7 <./year5/histogram-1.pdf>] (./masterReport.aux) ) 
Here is how much of TeX's memory you used:
 1594 strings out of 492609
 23548 string characters out of 6129049
 90455 words of memory out of 5000000
 5495 multiletter control sequences out of 15000+600000
 4581 words of font info for 18 fonts, out of 8000000 for 9000
 1141 hyphenation exceptions out of 8191
 41i,6n,25p,279b,246s stack positions out of 5000i,500n,10000p,200000b,80000s
</usr/local/texlive/2019/
texmf-dist/fonts/type1/public/amsfonts/cm/cmbx12.pfb></usr/local/texlive/2019/t
exmf-dist/fonts/type1/public/amsfonts/cm/cmitt10.pfb></usr/local/texlive/2019/t
exmf-dist/fonts/type1/public/amsfonts/cm/cmr10.pfb></usr/local/texlive/2019/tex
mf-dist/fonts/type1/public/amsfonts/cm/cmtt10.pfb>
Output written on masterReport.pdf (7 pages, 77157 bytes).
PDF statistics:
 79 PDF objects out of 1000 (max. 8388607)
 55 compressed objects within 1 object stream
 0 named destinations out of 1000 (max. 500000)
 26 words of extra memory for PDF output out of 10000 (max. 10000000)

